14/07/2022, 20:34:40 - INFO - Server is running on port: 3030
14/07/2022, 20:35:04 - INFO - Req was made
14/07/2022, 20:35:04 - DEBUG - Getting Toys
14/07/2022, 20:35:04 - ERROR - Cannot Connect to DB | {}
14/07/2022, 20:35:04 - ERROR - Faile to get Mongo collection | {}
14/07/2022, 20:35:04 - ERROR - cannot find toys | {}
14/07/2022, 20:35:04 - ERROR - Failed to get toys | {}
14/07/2022, 20:48:59 - INFO - Server is running on port: 3030
14/07/2022, 21:04:16 - INFO - Req was made
14/07/2022, 21:04:16 - DEBUG - Getting Toys
14/07/2022, 21:04:16 - ERROR - Cannot Connect to DB | {}
14/07/2022, 21:04:16 - ERROR - Faile to get Mongo collection | {}
14/07/2022, 21:04:16 - ERROR - cannot find toys | {}
14/07/2022, 21:04:16 - ERROR - Failed to get toys | {}
14/07/2022, 21:05:47 - INFO - Server is running on port: 3030
14/07/2022, 21:05:47 - INFO - Req was made
14/07/2022, 21:05:47 - DEBUG - Getting Toys
14/07/2022, 21:05:47 - ERROR - Cannot Connect to DB | {}
14/07/2022, 21:05:47 - ERROR - Faile to get Mongo collection | {}
14/07/2022, 21:05:47 - ERROR - cannot find toys | {}
14/07/2022, 21:05:47 - ERROR - Failed to get toys | {}
14/07/2022, 21:06:27 - INFO - Server is running on port: 3030
14/07/2022, 21:14:46 - INFO - Server is running on port: 3030
14/07/2022, 21:15:02 - INFO - Server is running on port: 3030
14/07/2022, 21:15:07 - INFO - Req was made
14/07/2022, 21:15:07 - DEBUG - Getting Toys
14/07/2022, 21:15:22 - INFO - Req was made
14/07/2022, 21:15:22 - DEBUG - Getting Toys
14/07/2022, 21:18:02 - INFO - Req was made
14/07/2022, 21:18:02 - DEBUG - Getting Toys
14/07/2022, 21:22:10 - INFO - Req was made
14/07/2022, 21:22:10 - DEBUG - Getting Toys
14/07/2022, 21:24:07 - INFO - Req was made
14/07/2022, 21:24:07 - DEBUG - Getting Toys
14/07/2022, 21:28:01 - INFO - Req was made
14/07/2022, 21:28:01 - DEBUG - Getting Toys
14/07/2022, 21:28:18 - INFO - Req was made
14/07/2022, 21:28:18 - DEBUG - Getting Toys
14/07/2022, 21:29:50 - INFO - Req was made
14/07/2022, 21:29:50 - DEBUG - Getting Toys
14/07/2022, 21:30:55 - INFO - Req was made
14/07/2022, 21:30:55 - DEBUG - Getting Toys
14/07/2022, 21:31:57 - INFO - Server is running on port: 3030
14/07/2022, 21:31:57 - INFO - Req was made
14/07/2022, 21:31:57 - DEBUG - Getting Toys
14/07/2022, 21:33:20 - INFO - Req was made
14/07/2022, 21:33:20 - DEBUG - Getting Toys
14/07/2022, 21:33:58 - INFO - Server is running on port: 3030
14/07/2022, 21:33:58 - INFO - Req was made
14/07/2022, 21:33:58 - DEBUG - Getting Toys
14/07/2022, 21:34:36 - INFO - Server is running on port: 3030
14/07/2022, 21:34:55 - INFO - Server is running on port: 3030
14/07/2022, 21:34:56 - INFO - Req was made
14/07/2022, 21:34:56 - DEBUG - Getting Toys
14/07/2022, 21:35:09 - INFO - Server is running on port: 3030
14/07/2022, 21:35:09 - INFO - Req was made
14/07/2022, 21:35:09 - DEBUG - Getting Toys
14/07/2022, 21:39:50 - INFO - Server is running on port: 3030
14/07/2022, 21:40:37 - INFO - Req was made
14/07/2022, 21:40:37 - DEBUG - Getting Toys
14/07/2022, 21:41:58 - INFO - Server is running on port: 3030
14/07/2022, 21:42:00 - INFO - Req was made
14/07/2022, 21:42:00 - DEBUG - Getting Toys
14/07/2022, 21:42:12 - ERROR - cannot insert toy | {"index":0,"code":11000,"keyPattern":{"_id":1},"keyValue":{"_id":""}}
14/07/2022, 21:42:12 - ERROR - Failed to add toy | {"index":0,"code":11000,"keyPattern":{"_id":1},"keyValue":{"_id":""}}
14/07/2022, 21:43:55 - INFO - Req was made
14/07/2022, 21:43:55 - DEBUG - Getting Toys
14/07/2022, 21:44:09 - ERROR - cannot insert toy | {"index":0,"code":11000,"keyPattern":{"_id":1},"keyValue":{"_id":""}}
14/07/2022, 21:44:09 - ERROR - Failed to add toy | {"index":0,"code":11000,"keyPattern":{"_id":1},"keyValue":{"_id":""}}
14/07/2022, 21:44:43 - INFO - Server is running on port: 3030
14/07/2022, 21:44:46 - ERROR - cannot insert toy | {"index":0,"code":11000,"keyPattern":{"_id":1},"keyValue":{"_id":""}}
14/07/2022, 21:44:46 - ERROR - Failed to add toy | {"index":0,"code":11000,"keyPattern":{"_id":1},"keyValue":{"_id":""}}
14/07/2022, 21:45:43 - INFO - Server is running on port: 3030
14/07/2022, 21:45:53 - INFO - Server is running on port: 3030
14/07/2022, 21:45:54 - INFO - Req was made
14/07/2022, 21:45:54 - DEBUG - Getting Toys
14/07/2022, 21:48:47 - INFO - Server is running on port: 3030
14/07/2022, 22:06:29 - INFO - Req was made
14/07/2022, 22:06:29 - DEBUG - Getting Toys
14/07/2022, 22:07:10 - INFO - Req was made
14/07/2022, 22:07:10 - DEBUG - Getting Toys
14/07/2022, 22:07:37 - INFO - Req was made
14/07/2022, 22:07:37 - DEBUG - Getting Toys
14/07/2022, 22:08:44 - INFO - Req was made
14/07/2022, 22:08:44 - DEBUG - Getting Toys
14/07/2022, 22:09:29 - INFO - Req was made
14/07/2022, 22:09:29 - DEBUG - Getting Toys
14/07/2022, 22:10:25 - INFO - Req was made
14/07/2022, 22:10:25 - DEBUG - Getting Toys
14/07/2022, 22:10:32 - INFO - Req was made
14/07/2022, 22:10:32 - DEBUG - Getting Toys
14/07/2022, 22:11:00 - INFO - Req was made
14/07/2022, 22:11:00 - DEBUG - Getting Toys
14/07/2022, 22:12:07 - INFO - Req was made
14/07/2022, 22:12:07 - DEBUG - Getting Toys
14/07/2022, 22:13:27 - INFO - Req was made
14/07/2022, 22:13:27 - DEBUG - Getting Toys
14/07/2022, 22:14:31 - INFO - Req was made
14/07/2022, 22:14:31 - DEBUG - Getting Toys
14/07/2022, 22:16:13 - INFO - Req was made
14/07/2022, 22:16:13 - DEBUG - Getting Toys
15/07/2022, 14:08:21 - INFO - Server is running on port: 3030
15/07/2022, 14:08:34 - INFO - Req was made
15/07/2022, 14:08:34 - DEBUG - Getting Toys
15/07/2022, 14:09:35 - INFO - Req was made
15/07/2022, 14:09:35 - DEBUG - Getting Toys
15/07/2022, 14:09:45 - INFO - Req was made
15/07/2022, 14:09:45 - DEBUG - Getting Toys
15/07/2022, 14:10:13 - INFO - Req was made
15/07/2022, 14:10:13 - DEBUG - Getting Toys
15/07/2022, 14:10:15 - INFO - Req was made
15/07/2022, 14:10:15 - DEBUG - Getting Toys
15/07/2022, 14:10:46 - INFO - Req was made
15/07/2022, 14:10:46 - DEBUG - Getting Toys
15/07/2022, 14:11:03 - INFO - Req was made
15/07/2022, 14:11:03 - DEBUG - Getting Toys
15/07/2022, 14:11:04 - INFO - Req was made
15/07/2022, 14:11:04 - DEBUG - Getting Toys
15/07/2022, 14:11:07 - INFO - Req was made
15/07/2022, 14:11:07 - DEBUG - Getting Toys
15/07/2022, 14:11:08 - INFO - Req was made
15/07/2022, 14:11:08 - DEBUG - Getting Toys
15/07/2022, 14:11:10 - INFO - Req was made
15/07/2022, 14:11:10 - DEBUG - Getting Toys
15/07/2022, 14:11:41 - INFO - Server is running on port: 3030
15/07/2022, 14:11:42 - INFO - Req was made
15/07/2022, 14:11:42 - DEBUG - Getting Toys
15/07/2022, 14:11:53 - INFO - Req was made
15/07/2022, 14:11:53 - DEBUG - Getting Toys
15/07/2022, 14:11:58 - INFO - Req was made
15/07/2022, 14:11:58 - DEBUG - Getting Toys
15/07/2022, 14:13:12 - INFO - Server is running on port: 3030
15/07/2022, 14:13:35 - INFO - Server is running on port: 3030
15/07/2022, 14:13:38 - INFO - Req was made
15/07/2022, 14:13:38 - DEBUG - Getting Toys
15/07/2022, 14:13:53 - INFO - Server is running on port: 3030
15/07/2022, 14:13:53 - INFO - Req was made
15/07/2022, 14:13:53 - DEBUG - Getting Toys
15/07/2022, 14:14:12 - INFO - Server is running on port: 3030
15/07/2022, 14:14:12 - INFO - Req was made
15/07/2022, 14:14:12 - DEBUG - Getting Toys
15/07/2022, 14:14:15 - INFO - Req was made
15/07/2022, 14:14:15 - DEBUG - Getting Toys
15/07/2022, 14:14:27 - INFO - Server is running on port: 3030
15/07/2022, 14:14:30 - INFO - Req was made
15/07/2022, 14:14:30 - DEBUG - Getting Toys
15/07/2022, 14:15:42 - INFO - Req was made
15/07/2022, 14:15:42 - DEBUG - Getting Toys
15/07/2022, 14:16:07 - INFO - Req was made
15/07/2022, 14:16:07 - DEBUG - Getting Toys
15/07/2022, 14:16:10 - INFO - Req was made
15/07/2022, 14:16:10 - DEBUG - Getting Toys
15/07/2022, 14:16:11 - INFO - Req was made
15/07/2022, 14:16:11 - DEBUG - Getting Toys
15/07/2022, 14:16:25 - INFO - Req was made
15/07/2022, 14:16:25 - DEBUG - Getting Toys
15/07/2022, 14:16:28 - INFO - Req was made
15/07/2022, 14:16:28 - DEBUG - Getting Toys
15/07/2022, 14:17:12 - INFO - Req was made
15/07/2022, 14:17:12 - DEBUG - Getting Toys
15/07/2022, 14:17:18 - INFO - Req was made
15/07/2022, 14:17:18 - DEBUG - Getting Toys
15/07/2022, 14:19:03 - INFO - Req was made
15/07/2022, 14:19:03 - DEBUG - Getting Toys
15/07/2022, 14:20:12 - INFO - Req was made
15/07/2022, 14:20:12 - DEBUG - Getting Toys
15/07/2022, 14:24:02 - INFO - Req was made
15/07/2022, 14:24:02 - DEBUG - Getting Toys
15/07/2022, 14:24:46 - INFO - Req was made
15/07/2022, 14:24:46 - DEBUG - Getting Toys
15/07/2022, 14:27:58 - INFO - Req was made
15/07/2022, 14:27:58 - DEBUG - Getting Toys
15/07/2022, 14:28:53 - INFO - Req was made
15/07/2022, 14:28:53 - DEBUG - Getting Toys
15/07/2022, 14:30:13 - INFO - Req was made
15/07/2022, 14:30:13 - DEBUG - Getting Toys
15/07/2022, 14:30:18 - INFO - Req was made
15/07/2022, 14:30:18 - DEBUG - Getting Toys
15/07/2022, 14:30:22 - INFO - Req was made
15/07/2022, 14:30:22 - DEBUG - Getting Toys
15/07/2022, 14:31:23 - INFO - Req was made
15/07/2022, 14:31:23 - DEBUG - Getting Toys
15/07/2022, 14:31:41 - INFO - Req was made
15/07/2022, 14:31:41 - DEBUG - Getting Toys
15/07/2022, 14:32:01 - INFO - Req was made
15/07/2022, 14:32:01 - DEBUG - Getting Toys
15/07/2022, 14:32:18 - INFO - Req was made
15/07/2022, 14:32:18 - DEBUG - Getting Toys
15/07/2022, 14:32:30 - INFO - Req was made
15/07/2022, 14:32:30 - DEBUG - Getting Toys
15/07/2022, 14:33:06 - INFO - Req was made
15/07/2022, 14:33:06 - DEBUG - Getting Toys
15/07/2022, 14:33:44 - INFO - Server is running on port: 3030
15/07/2022, 14:33:58 - INFO - Server is running on port: 3030
15/07/2022, 14:33:59 - INFO - Req was made
15/07/2022, 14:33:59 - DEBUG - Getting Toys
15/07/2022, 14:34:21 - INFO - Server is running on port: 3030
15/07/2022, 14:34:22 - INFO - Req was made
15/07/2022, 14:34:22 - DEBUG - Getting Toys
15/07/2022, 14:34:43 - INFO - Server is running on port: 3030
15/07/2022, 14:34:46 - INFO - Server is running on port: 3030
15/07/2022, 14:34:48 - INFO - Req was made
15/07/2022, 14:34:48 - DEBUG - Getting Toys
15/07/2022, 14:34:50 - INFO - Req was made
15/07/2022, 14:34:50 - DEBUG - Getting Toys
15/07/2022, 14:34:51 - INFO - Req was made
15/07/2022, 14:34:51 - DEBUG - Getting Toys
15/07/2022, 14:34:52 - INFO - Req was made
15/07/2022, 14:34:52 - DEBUG - Getting Toys
15/07/2022, 14:35:06 - INFO - Req was made
15/07/2022, 14:35:06 - DEBUG - Getting Toys
15/07/2022, 14:35:07 - INFO - Req was made
15/07/2022, 14:35:07 - DEBUG - Getting Toys
15/07/2022, 14:35:09 - INFO - Req was made
15/07/2022, 14:35:09 - DEBUG - Getting Toys
15/07/2022, 14:35:11 - INFO - Req was made
15/07/2022, 14:35:11 - DEBUG - Getting Toys
15/07/2022, 14:35:14 - INFO - Req was made
15/07/2022, 14:35:14 - DEBUG - Getting Toys
15/07/2022, 14:35:16 - INFO - Req was made
15/07/2022, 14:35:16 - DEBUG - Getting Toys
15/07/2022, 14:35:20 - INFO - Req was made
15/07/2022, 14:35:20 - DEBUG - Getting Toys
15/07/2022, 14:35:21 - INFO - Req was made
15/07/2022, 14:35:21 - DEBUG - Getting Toys
15/07/2022, 14:35:22 - INFO - Req was made
15/07/2022, 14:35:22 - DEBUG - Getting Toys
15/07/2022, 14:35:25 - INFO - Req was made
15/07/2022, 14:35:25 - DEBUG - Getting Toys
15/07/2022, 14:35:26 - INFO - Req was made
15/07/2022, 14:35:26 - DEBUG - Getting Toys
15/07/2022, 14:35:27 - INFO - Req was made
15/07/2022, 14:35:27 - DEBUG - Getting Toys
15/07/2022, 14:35:28 - INFO - Req was made
15/07/2022, 14:35:28 - DEBUG - Getting Toys
15/07/2022, 14:35:44 - INFO - Req was made
15/07/2022, 14:35:44 - DEBUG - Getting Toys
15/07/2022, 14:36:02 - INFO - Req was made
15/07/2022, 14:36:02 - DEBUG - Getting Toys
15/07/2022, 14:36:10 - INFO - Req was made
15/07/2022, 14:36:10 - DEBUG - Getting Toys
15/07/2022, 14:36:59 - INFO - Req was made
15/07/2022, 14:36:59 - DEBUG - Getting Toys
15/07/2022, 14:36:59 - INFO - Req was made
15/07/2022, 14:36:59 - DEBUG - Getting Toys
15/07/2022, 14:37:04 - INFO - Req was made
15/07/2022, 14:37:04 - DEBUG - Getting Toys
15/07/2022, 14:37:06 - INFO - Req was made
15/07/2022, 14:37:06 - DEBUG - Getting Toys
15/07/2022, 14:37:08 - INFO - Req was made
15/07/2022, 14:37:08 - DEBUG - Getting Toys
15/07/2022, 14:37:12 - INFO - Req was made
15/07/2022, 14:37:12 - DEBUG - Getting Toys
15/07/2022, 14:37:16 - INFO - Req was made
15/07/2022, 14:37:16 - DEBUG - Getting Toys
15/07/2022, 14:50:54 - INFO - Req was made
15/07/2022, 14:50:54 - DEBUG - Getting Toys
15/07/2022, 14:52:42 - INFO - Req was made
15/07/2022, 14:52:42 - DEBUG - Getting Toys
15/07/2022, 14:53:32 - INFO - Req was made
15/07/2022, 14:53:32 - DEBUG - Getting Toys
15/07/2022, 14:54:40 - INFO - Req was made
15/07/2022, 14:54:40 - DEBUG - Getting Toys
15/07/2022, 14:55:00 - INFO - Req was made
15/07/2022, 14:55:00 - DEBUG - Getting Toys
15/07/2022, 14:55:31 - INFO - Req was made
15/07/2022, 14:55:31 - DEBUG - Getting Toys
15/07/2022, 14:56:07 - INFO - Req was made
15/07/2022, 14:56:07 - DEBUG - Getting Toys
15/07/2022, 14:56:20 - INFO - Req was made
15/07/2022, 14:56:20 - DEBUG - Getting Toys
15/07/2022, 14:56:34 - INFO - Req was made
15/07/2022, 14:56:34 - DEBUG - Getting Toys
15/07/2022, 14:57:12 - INFO - Req was made
15/07/2022, 14:57:12 - DEBUG - Getting Toys
15/07/2022, 14:57:14 - INFO - Req was made
15/07/2022, 14:57:14 - DEBUG - Getting Toys
15/07/2022, 14:57:17 - INFO - Req was made
15/07/2022, 14:57:17 - DEBUG - Getting Toys
15/07/2022, 14:57:21 - INFO - Req was made
15/07/2022, 14:57:21 - DEBUG - Getting Toys
15/07/2022, 15:15:45 - INFO - Req was made
15/07/2022, 15:15:45 - DEBUG - Getting Toys
15/07/2022, 15:16:40 - INFO - Req was made
15/07/2022, 15:16:40 - DEBUG - Getting Toys
15/07/2022, 15:16:42 - INFO - Req was made
15/07/2022, 15:16:42 - DEBUG - Getting Toys
15/07/2022, 15:16:53 - INFO - Req was made
15/07/2022, 15:16:53 - DEBUG - Getting Toys
15/07/2022, 15:16:54 - INFO - Req was made
15/07/2022, 15:16:54 - DEBUG - Getting Toys
15/07/2022, 15:36:10 - INFO - Req was made
15/07/2022, 15:36:10 - DEBUG - Getting Toys
15/07/2022, 15:38:18 - INFO - Req was made
15/07/2022, 15:38:18 - DEBUG - Getting Toys
15/07/2022, 15:39:08 - INFO - Req was made
15/07/2022, 15:39:08 - DEBUG - Getting Toys
15/07/2022, 15:40:04 - INFO - Req was made
15/07/2022, 15:40:04 - DEBUG - Getting Toys
15/07/2022, 15:41:17 - INFO - Req was made
15/07/2022, 15:41:17 - DEBUG - Getting Toys
15/07/2022, 15:41:24 - INFO - Req was made
15/07/2022, 15:41:24 - DEBUG - Getting Toys
15/07/2022, 15:42:47 - INFO - Req was made
15/07/2022, 15:42:47 - DEBUG - Getting Toys
15/07/2022, 15:45:29 - INFO - Req was made
15/07/2022, 15:45:29 - DEBUG - Getting Toys
15/07/2022, 15:49:44 - INFO - Req was made
15/07/2022, 15:49:44 - DEBUG - Getting Toys
15/07/2022, 15:50:23 - INFO - Req was made
15/07/2022, 15:50:23 - DEBUG - Getting Toys
15/07/2022, 15:50:30 - INFO - Req was made
15/07/2022, 15:50:30 - DEBUG - Getting Toys
15/07/2022, 15:50:39 - INFO - Req was made
15/07/2022, 15:50:39 - DEBUG - Getting Toys
15/07/2022, 15:51:01 - INFO - Req was made
15/07/2022, 15:51:01 - DEBUG - Getting Toys
15/07/2022, 15:51:20 - INFO - Server is running on port: 3030
15/07/2022, 15:51:22 - INFO - Req was made
15/07/2022, 15:51:22 - DEBUG - Getting Toys
15/07/2022, 15:51:28 - INFO - Server is running on port: 3030
15/07/2022, 15:51:33 - INFO - Req was made
15/07/2022, 15:51:33 - DEBUG - Getting Toys
15/07/2022, 15:51:34 - INFO - Req was made
15/07/2022, 15:51:34 - DEBUG - Getting Toys
15/07/2022, 15:52:07 - INFO - Server is running on port: 3030
15/07/2022, 15:52:08 - INFO - Req was made
15/07/2022, 15:52:08 - DEBUG - Getting Toys
15/07/2022, 15:52:34 - INFO - Req was made
15/07/2022, 15:52:34 - DEBUG - Getting Toys
15/07/2022, 15:52:42 - INFO - Req was made
15/07/2022, 15:52:42 - DEBUG - Getting Toys
15/07/2022, 15:53:24 - INFO - Req was made
15/07/2022, 15:53:24 - DEBUG - Getting Toys
15/07/2022, 15:53:58 - INFO - Req was made
15/07/2022, 15:53:58 - DEBUG - Getting Toys
15/07/2022, 16:01:24 - INFO - Server is running on port: 3030
15/07/2022, 16:11:16 - INFO - Server is running on port: 3030
15/07/2022, 16:47:13 - INFO - Server is running on port: 3030
15/07/2022, 16:47:27 - INFO - Server is running on port: 3030
15/07/2022, 16:47:30 - INFO - Req was made
15/07/2022, 16:47:30 - DEBUG - Getting Toys
15/07/2022, 16:47:30 - ERROR - cannot find toys | {}
15/07/2022, 16:47:30 - ERROR - Failed to get toys | {}
15/07/2022, 16:48:12 - INFO - Server is running on port: 3030
15/07/2022, 16:48:13 - INFO - Req was made
15/07/2022, 16:48:13 - DEBUG - Getting Toys
15/07/2022, 16:48:45 - INFO - Server is running on port: 3030
15/07/2022, 16:48:47 - INFO - Req was made
15/07/2022, 16:48:47 - DEBUG - Getting Toys
15/07/2022, 16:49:06 - INFO - Server is running on port: 3030
15/07/2022, 16:49:32 - INFO - Server is running on port: 3030
15/07/2022, 16:49:35 - INFO - Req was made
15/07/2022, 16:49:35 - DEBUG - Getting Toys
15/07/2022, 16:49:42 - INFO - Server is running on port: 3030
15/07/2022, 16:49:43 - INFO - Req was made
15/07/2022, 16:49:43 - DEBUG - Getting Toys
15/07/2022, 16:51:12 - INFO - Server is running on port: 3030
15/07/2022, 16:51:15 - INFO - Req was made
15/07/2022, 16:51:15 - DEBUG - Getting Toys
15/07/2022, 16:51:16 - ERROR - cannot find toys | {"ok":0,"code":40352,"codeName":"Location40352"}
15/07/2022, 16:51:16 - ERROR - Failed to get toys | {"ok":0,"code":40352,"codeName":"Location40352"}
15/07/2022, 16:51:32 - INFO - Server is running on port: 3030
15/07/2022, 16:51:33 - INFO - Req was made
15/07/2022, 16:51:33 - DEBUG - Getting Toys
15/07/2022, 16:51:34 - ERROR - cannot find toys | {"ok":0,"code":40352,"codeName":"Location40352"}
15/07/2022, 16:51:34 - ERROR - Failed to get toys | {"ok":0,"code":40352,"codeName":"Location40352"}
15/07/2022, 16:51:51 - INFO - Server is running on port: 3030
15/07/2022, 16:51:52 - INFO - Req was made
15/07/2022, 16:51:52 - DEBUG - Getting Toys
15/07/2022, 16:51:52 - ERROR - cannot find toys | {"ok":0,"code":40352,"codeName":"Location40352"}
15/07/2022, 16:51:52 - ERROR - Failed to get toys | {"ok":0,"code":40352,"codeName":"Location40352"}
15/07/2022, 16:52:22 - INFO - Server is running on port: 3030
15/07/2022, 16:52:57 - INFO - Server is running on port: 3030
15/07/2022, 16:52:58 - INFO - Req was made
15/07/2022, 16:52:58 - DEBUG - Getting Toys
15/07/2022, 16:52:58 - ERROR - cannot find toys | {}
15/07/2022, 16:52:58 - ERROR - Failed to get toys | {}
15/07/2022, 16:53:07 - INFO - Server is running on port: 3030
15/07/2022, 16:53:08 - INFO - Req was made
15/07/2022, 16:53:08 - DEBUG - Getting Toys
15/07/2022, 16:53:08 - ERROR - cannot find toys | {}
15/07/2022, 16:53:08 - ERROR - Failed to get toys | {}
15/07/2022, 16:53:59 - INFO - Server is running on port: 3030
15/07/2022, 16:54:38 - INFO - Server is running on port: 3030
15/07/2022, 16:54:41 - INFO - Req was made
15/07/2022, 16:54:41 - DEBUG - Getting Toys
15/07/2022, 16:54:41 - ERROR - cannot find toys | {"ok":0,"code":40352,"codeName":"Location40352"}
15/07/2022, 16:54:41 - ERROR - Failed to get toys | {"ok":0,"code":40352,"codeName":"Location40352"}
15/07/2022, 16:55:12 - INFO - Server is running on port: 3030
15/07/2022, 16:55:12 - INFO - Req was made
15/07/2022, 16:55:12 - DEBUG - Getting Toys
15/07/2022, 16:55:12 - ERROR - cannot find toys | {}
15/07/2022, 16:55:12 - ERROR - Failed to get toys | {}
15/07/2022, 16:55:20 - INFO - Server is running on port: 3030
15/07/2022, 16:57:40 - INFO - Server is running on port: 3030
15/07/2022, 16:57:47 - INFO - Req was made
15/07/2022, 16:57:47 - DEBUG - Getting Toys
15/07/2022, 16:57:49 - INFO - Req was made
15/07/2022, 16:57:49 - DEBUG - Getting Toys
15/07/2022, 16:57:49 - ERROR - cannot find toys | {"ok":0,"code":2,"codeName":"BadValue"}
15/07/2022, 16:57:49 - ERROR - Failed to get toys | {"ok":0,"code":2,"codeName":"BadValue"}
15/07/2022, 16:58:03 - INFO - Req was made
15/07/2022, 16:58:03 - DEBUG - Getting Toys
15/07/2022, 16:58:03 - ERROR - cannot find toys | {"ok":0,"code":2,"codeName":"BadValue"}
15/07/2022, 16:58:03 - ERROR - Failed to get toys | {"ok":0,"code":2,"codeName":"BadValue"}
15/07/2022, 16:58:11 - INFO - Req was made
15/07/2022, 16:58:11 - DEBUG - Getting Toys
15/07/2022, 16:58:50 - INFO - Server is running on port: 3030
15/07/2022, 16:59:18 - INFO - Server is running on port: 3030
15/07/2022, 17:00:40 - INFO - Server is running on port: 3030
15/07/2022, 17:00:43 - INFO - Req was made
15/07/2022, 17:00:43 - DEBUG - Getting Toys
15/07/2022, 17:00:44 - INFO - Req was made
15/07/2022, 17:00:44 - DEBUG - Getting Toys
15/07/2022, 17:00:44 - INFO - Req was made
15/07/2022, 17:00:44 - DEBUG - Getting Toys
15/07/2022, 17:00:44 - INFO - Req was made
15/07/2022, 17:00:44 - DEBUG - Getting Toys
15/07/2022, 17:00:45 - INFO - Req was made
15/07/2022, 17:00:45 - DEBUG - Getting Toys
15/07/2022, 17:00:45 - INFO - Req was made
15/07/2022, 17:00:45 - DEBUG - Getting Toys
15/07/2022, 17:00:45 - INFO - Req was made
15/07/2022, 17:00:45 - DEBUG - Getting Toys
15/07/2022, 17:00:46 - INFO - Req was made
15/07/2022, 17:00:46 - DEBUG - Getting Toys
15/07/2022, 17:00:46 - INFO - Req was made
15/07/2022, 17:00:46 - DEBUG - Getting Toys
15/07/2022, 17:00:46 - INFO - Req was made
15/07/2022, 17:00:46 - DEBUG - Getting Toys
15/07/2022, 17:00:47 - INFO - Req was made
15/07/2022, 17:00:47 - DEBUG - Getting Toys
15/07/2022, 17:00:47 - INFO - Req was made
15/07/2022, 17:00:47 - DEBUG - Getting Toys
15/07/2022, 17:00:47 - INFO - Req was made
15/07/2022, 17:00:47 - DEBUG - Getting Toys
15/07/2022, 17:01:09 - INFO - Server is running on port: 3030
15/07/2022, 17:03:43 - INFO - Server is running on port: 3030
15/07/2022, 17:03:43 - INFO - Req was made
15/07/2022, 17:03:43 - DEBUG - Getting Toys
15/07/2022, 17:03:43 - ERROR - cannot find toys | {}
15/07/2022, 17:03:43 - ERROR - Failed to get toys | {}
15/07/2022, 17:03:47 - INFO - Req was made
15/07/2022, 17:03:47 - DEBUG - Getting Toys
15/07/2022, 17:03:47 - ERROR - cannot find toys | {}
15/07/2022, 17:03:47 - ERROR - Failed to get toys | {}
15/07/2022, 17:04:08 - INFO - Server is running on port: 3030
15/07/2022, 17:04:09 - INFO - Req was made
15/07/2022, 17:04:09 - DEBUG - Getting Toys
15/07/2022, 17:04:09 - ERROR - cannot find toys | {}
15/07/2022, 17:04:09 - ERROR - Failed to get toys | {}
15/07/2022, 17:04:20 - INFO - Server is running on port: 3030
15/07/2022, 17:04:21 - INFO - Req was made
15/07/2022, 17:04:21 - DEBUG - Getting Toys
15/07/2022, 17:04:21 - ERROR - cannot find toys | {}
15/07/2022, 17:04:21 - ERROR - Failed to get toys | {}
15/07/2022, 17:04:31 - INFO - Server is running on port: 3030
15/07/2022, 17:04:35 - INFO - Server is running on port: 3030
15/07/2022, 17:04:35 - INFO - Req was made
15/07/2022, 17:04:35 - DEBUG - Getting Toys
15/07/2022, 17:04:35 - ERROR - cannot find toys | {}
15/07/2022, 17:04:35 - ERROR - Failed to get toys | {}
15/07/2022, 17:04:44 - INFO - Server is running on port: 3030
15/07/2022, 17:04:45 - INFO - Req was made
15/07/2022, 17:04:45 - DEBUG - Getting Toys
15/07/2022, 17:04:45 - ERROR - cannot find toys | {}
15/07/2022, 17:04:45 - ERROR - Failed to get toys | {}
15/07/2022, 17:05:07 - INFO - Server is running on port: 3030
15/07/2022, 17:05:08 - INFO - Req was made
15/07/2022, 17:05:08 - DEBUG - Getting Toys
15/07/2022, 17:05:08 - ERROR - cannot find toys | {}
15/07/2022, 17:05:08 - ERROR - Failed to get toys | {}
15/07/2022, 17:05:16 - INFO - Server is running on port: 3030
15/07/2022, 17:05:17 - INFO - Req was made
15/07/2022, 17:05:17 - DEBUG - Getting Toys
15/07/2022, 17:05:17 - ERROR - cannot find toys | {}
15/07/2022, 17:05:17 - ERROR - Failed to get toys | {}
15/07/2022, 17:05:30 - INFO - Server is running on port: 3030
15/07/2022, 17:05:30 - INFO - Req was made
15/07/2022, 17:05:30 - DEBUG - Getting Toys
15/07/2022, 17:05:41 - INFO - Server is running on port: 3030
15/07/2022, 17:05:49 - INFO - Req was made
15/07/2022, 17:05:49 - DEBUG - Getting Toys
15/07/2022, 17:05:50 - INFO - Req was made
15/07/2022, 17:05:50 - DEBUG - Getting Toys
15/07/2022, 17:05:50 - INFO - Req was made
15/07/2022, 17:05:50 - DEBUG - Getting Toys
15/07/2022, 17:05:51 - INFO - Req was made
15/07/2022, 17:05:51 - DEBUG - Getting Toys
15/07/2022, 17:05:51 - INFO - Req was made
15/07/2022, 17:05:51 - DEBUG - Getting Toys
15/07/2022, 17:05:51 - INFO - Req was made
15/07/2022, 17:05:51 - DEBUG - Getting Toys
15/07/2022, 17:05:52 - INFO - Req was made
15/07/2022, 17:05:52 - DEBUG - Getting Toys
15/07/2022, 17:05:52 - INFO - Req was made
15/07/2022, 17:05:52 - DEBUG - Getting Toys
15/07/2022, 17:05:52 - INFO - Req was made
15/07/2022, 17:05:52 - DEBUG - Getting Toys
15/07/2022, 17:05:53 - INFO - Req was made
15/07/2022, 17:05:53 - DEBUG - Getting Toys
15/07/2022, 17:05:53 - INFO - Req was made
15/07/2022, 17:05:53 - DEBUG - Getting Toys
15/07/2022, 17:05:54 - INFO - Req was made
15/07/2022, 17:05:54 - DEBUG - Getting Toys
15/07/2022, 17:05:54 - INFO - Req was made
15/07/2022, 17:05:54 - DEBUG - Getting Toys
15/07/2022, 17:05:54 - INFO - Req was made
15/07/2022, 17:05:54 - DEBUG - Getting Toys
15/07/2022, 17:05:55 - INFO - Req was made
15/07/2022, 17:05:55 - DEBUG - Getting Toys
15/07/2022, 17:07:54 - INFO - Server is running on port: 3030
15/07/2022, 17:08:26 - INFO - Req was made
15/07/2022, 17:08:26 - DEBUG - Getting Toys
15/07/2022, 17:08:30 - INFO - Req was made
15/07/2022, 17:08:30 - DEBUG - Getting Toys
15/07/2022, 17:08:31 - INFO - Req was made
15/07/2022, 17:08:31 - DEBUG - Getting Toys
15/07/2022, 17:09:13 - INFO - Req was made
15/07/2022, 17:09:13 - DEBUG - Getting Toys
15/07/2022, 17:09:28 - INFO - Req was made
15/07/2022, 17:09:28 - DEBUG - Getting Toys
15/07/2022, 17:09:37 - INFO - Req was made
15/07/2022, 17:09:37 - DEBUG - Getting Toys
15/07/2022, 17:12:18 - INFO - Req was made
15/07/2022, 17:12:18 - DEBUG - Getting Toys
15/07/2022, 17:13:01 - INFO - Req was made
15/07/2022, 17:13:01 - DEBUG - Getting Toys
15/07/2022, 17:13:11 - INFO - Req was made
15/07/2022, 17:13:11 - DEBUG - Getting Toys
15/07/2022, 17:13:36 - INFO - Req was made
15/07/2022, 17:13:36 - DEBUG - Getting Toys
15/07/2022, 17:14:57 - INFO - Req was made
15/07/2022, 17:14:57 - DEBUG - Getting Toys
15/07/2022, 17:15:48 - INFO - Req was made
15/07/2022, 17:15:48 - DEBUG - Getting Toys
15/07/2022, 17:35:05 - INFO - Req was made
15/07/2022, 17:35:05 - DEBUG - Getting Toys
15/07/2022, 17:54:30 - INFO - Req was made
15/07/2022, 17:54:30 - DEBUG - Getting Toys
15/07/2022, 17:55:05 - INFO - Req was made
15/07/2022, 17:55:05 - DEBUG - Getting Toys
15/07/2022, 18:09:15 - INFO - Req was made
15/07/2022, 18:09:15 - DEBUG - Getting Toys
15/07/2022, 18:14:30 - INFO - Req was made
15/07/2022, 18:14:30 - DEBUG - Getting Toys
15/07/2022, 18:17:01 - INFO - Req was made
15/07/2022, 18:17:01 - DEBUG - Getting Toys
15/07/2022, 18:23:20 - INFO - Req was made
15/07/2022, 18:23:20 - DEBUG - Getting Toys
15/07/2022, 18:26:03 - INFO - Req was made
15/07/2022, 18:26:03 - DEBUG - Getting Toys
15/07/2022, 18:26:44 - INFO - Req was made
15/07/2022, 18:26:44 - DEBUG - Getting Toys
15/07/2022, 18:26:52 - INFO - Req was made
15/07/2022, 18:26:52 - DEBUG - Getting Toys
15/07/2022, 18:27:06 - INFO - Req was made
15/07/2022, 18:27:06 - DEBUG - Getting Toys
15/07/2022, 18:27:43 - INFO - Req was made
15/07/2022, 18:27:43 - DEBUG - Getting Toys
15/07/2022, 18:28:11 - INFO - Req was made
15/07/2022, 18:28:11 - DEBUG - Getting Toys
15/07/2022, 18:28:58 - INFO - Req was made
15/07/2022, 18:28:58 - DEBUG - Getting Toys
15/07/2022, 18:29:05 - INFO - Req was made
15/07/2022, 18:29:05 - DEBUG - Getting Toys
15/07/2022, 18:29:10 - INFO - Req was made
15/07/2022, 18:29:10 - DEBUG - Getting Toys
15/07/2022, 18:29:40 - INFO - Req was made
15/07/2022, 18:29:40 - DEBUG - Getting Toys
15/07/2022, 18:30:23 - INFO - Req was made
15/07/2022, 18:30:23 - DEBUG - Getting Toys
15/07/2022, 18:33:16 - INFO - Req was made
15/07/2022, 18:33:16 - DEBUG - Getting Toys
15/07/2022, 18:45:15 - INFO - Req was made
15/07/2022, 18:45:15 - DEBUG - Getting Toys
15/07/2022, 18:47:33 - INFO - Req was made
15/07/2022, 18:47:33 - DEBUG - Getting Toys
15/07/2022, 18:47:44 - INFO - Req was made
15/07/2022, 18:47:44 - DEBUG - Getting Toys
15/07/2022, 18:49:06 - INFO - Req was made
15/07/2022, 18:49:06 - DEBUG - Getting Toys
15/07/2022, 18:52:24 - INFO - Req was made
15/07/2022, 18:52:24 - DEBUG - Getting Toys
15/07/2022, 18:54:57 - INFO - Server is running on port: 3030
15/07/2022, 18:55:18 - INFO - Server is running on port: 3030
15/07/2022, 18:57:00 - INFO - Server is running on port: 3030
15/07/2022, 19:00:52 - INFO - Req was made
15/07/2022, 19:00:52 - DEBUG - Getting Toys
15/07/2022, 19:01:04 - DEBUG - auth.service - signup with username: barry, fullname: Barry
15/07/2022, 19:01:04 - DEBUG - auth.route - new account created: {"username":"barry","password":"$2b$10$SucrkNtw7Pgmo.nVatbOJekzldWRIdTGvb.9vF3eN0gX24PwE8c4m","fullname":"Barry","_id":"62d18f40fe2dcda66bfac4fa"}
15/07/2022, 19:01:04 - DEBUG - auth.service - login with username: barry
15/07/2022, 19:01:04 - INFO - User login:  | {"_id":"62d18f40fe2dcda66bfac4fa","username":"barry","fullname":"Barry"}
15/07/2022, 19:02:16 - INFO - Req was made
15/07/2022, 19:02:16 - DEBUG - Getting Toys
15/07/2022, 19:02:31 - INFO - Req was made
15/07/2022, 19:02:31 - DEBUG - Getting Toys
15/07/2022, 19:03:24 - INFO - Req was made
15/07/2022, 19:03:24 - DEBUG - Getting Toys
15/07/2022, 19:03:30 - DEBUG - auth.service - login with username: barry
15/07/2022, 19:03:31 - INFO - User login:  | {"_id":"62d18f40fe2dcda66bfac4fa","username":"barry","fullname":"Barry"}
15/07/2022, 19:30:12 - INFO - Server is running on port: 3030
15/07/2022, 19:30:39 - INFO - Req was made
15/07/2022, 19:30:39 - DEBUG - Getting Toys
15/07/2022, 20:57:26 - INFO - Req was made
15/07/2022, 20:57:26 - DEBUG - Getting Toys
15/07/2022, 20:58:08 - INFO - Req was made
15/07/2022, 20:58:08 - DEBUG - Getting Toys
15/07/2022, 21:09:41 - INFO - Req was made
15/07/2022, 21:09:41 - DEBUG - Getting Toys
15/07/2022, 21:09:53 - INFO - Req was made
15/07/2022, 21:09:53 - DEBUG - Getting Toys
15/07/2022, 21:12:50 - INFO - Req was made
15/07/2022, 21:12:50 - DEBUG - Getting Toys
15/07/2022, 21:13:17 - INFO - Req was made
15/07/2022, 21:13:17 - DEBUG - Getting Toys
15/07/2022, 21:13:53 - INFO - Req was made
15/07/2022, 21:13:53 - DEBUG - Getting Toys
15/07/2022, 21:14:09 - INFO - Req was made
15/07/2022, 21:14:09 - DEBUG - Getting Toys
15/07/2022, 21:14:56 - INFO - Req was made
15/07/2022, 21:14:56 - DEBUG - Getting Toys
15/07/2022, 21:15:23 - INFO - Req was made
15/07/2022, 21:15:23 - DEBUG - Getting Toys
15/07/2022, 21:15:35 - INFO - Req was made
15/07/2022, 21:15:35 - DEBUG - Getting Toys
15/07/2022, 21:15:37 - INFO - Req was made
15/07/2022, 21:15:37 - DEBUG - Getting Toys
15/07/2022, 21:15:43 - INFO - Req was made
15/07/2022, 21:15:43 - DEBUG - Getting Toys
15/07/2022, 21:16:11 - INFO - Req was made
15/07/2022, 21:16:11 - DEBUG - Getting Toys
15/07/2022, 21:16:14 - INFO - Req was made
15/07/2022, 21:16:14 - DEBUG - Getting Toys
15/07/2022, 21:16:23 - INFO - Req was made
15/07/2022, 21:16:23 - DEBUG - Getting Toys
15/07/2022, 21:16:27 - INFO - Req was made
15/07/2022, 21:16:27 - DEBUG - Getting Toys
15/07/2022, 21:16:32 - INFO - Req was made
15/07/2022, 21:16:32 - DEBUG - Getting Toys
15/07/2022, 21:16:34 - INFO - Req was made
15/07/2022, 21:16:34 - DEBUG - Getting Toys
15/07/2022, 21:16:42 - INFO - Req was made
15/07/2022, 21:16:42 - DEBUG - Getting Toys
15/07/2022, 21:16:44 - INFO - Req was made
15/07/2022, 21:16:44 - DEBUG - Getting Toys
15/07/2022, 21:16:59 - INFO - Req was made
15/07/2022, 21:16:59 - DEBUG - Getting Toys
15/07/2022, 21:17:01 - INFO - Req was made
15/07/2022, 21:17:01 - DEBUG - Getting Toys
15/07/2022, 21:17:31 - INFO - Req was made
15/07/2022, 21:17:31 - DEBUG - Getting Toys
15/07/2022, 21:17:40 - DEBUG - auth.service - login with username: barry
15/07/2022, 21:17:40 - INFO - User login:  | {"_id":"62d18f40fe2dcda66bfac4fa","username":"barry","fullname":"Barry"}
15/07/2022, 21:17:56 - INFO - Req was made
15/07/2022, 21:17:56 - DEBUG - Getting Toys
15/07/2022, 21:19:25 - INFO - Req was made
15/07/2022, 21:19:25 - DEBUG - Getting Toys
15/07/2022, 21:19:30 - INFO - Req was made
15/07/2022, 21:19:30 - DEBUG - Getting Toys
15/07/2022, 21:19:49 - INFO - Req was made
15/07/2022, 21:19:49 - DEBUG - Getting Toys
15/07/2022, 21:19:51 - INFO - Req was made
15/07/2022, 21:19:51 - DEBUG - Getting Toys
15/07/2022, 21:19:52 - INFO - Req was made
15/07/2022, 21:19:52 - DEBUG - Getting Toys
15/07/2022, 21:19:55 - INFO - Req was made
15/07/2022, 21:19:55 - DEBUG - Getting Toys
15/07/2022, 21:20:01 - DEBUG - auth.service - login with username: barry
15/07/2022, 21:20:02 - INFO - User login:  | {"_id":"62d18f40fe2dcda66bfac4fa","username":"barry","fullname":"Barry"}
15/07/2022, 21:20:41 - INFO - Req was made
15/07/2022, 21:20:41 - DEBUG - Getting Toys
15/07/2022, 21:20:51 - INFO - Req was made
15/07/2022, 21:20:51 - DEBUG - Getting Toys
15/07/2022, 21:21:07 - DEBUG - auth.service - login with username: barry
15/07/2022, 21:21:07 - INFO - User login:  | {"_id":"62d18f40fe2dcda66bfac4fa","username":"barry","fullname":"Barry"}
15/07/2022, 21:21:54 - INFO - Req was made
15/07/2022, 21:21:54 - DEBUG - Getting Toys
15/07/2022, 21:22:16 - INFO - Req was made
15/07/2022, 21:22:16 - DEBUG - Getting Toys
15/07/2022, 21:22:53 - INFO - Req was made
15/07/2022, 21:22:53 - DEBUG - Getting Toys
15/07/2022, 21:23:04 - DEBUG - auth.service - login with username: barry
15/07/2022, 21:23:04 - INFO - User login:  | {"_id":"62d18f40fe2dcda66bfac4fa","username":"barry","fullname":"Barry"}
15/07/2022, 21:23:18 - INFO - Req was made
15/07/2022, 21:23:18 - DEBUG - Getting Toys
15/07/2022, 21:23:25 - DEBUG - auth.service - login with username: barry
15/07/2022, 21:23:25 - INFO - User login:  | {"_id":"62d18f40fe2dcda66bfac4fa","username":"barry","fullname":"Barry"}
15/07/2022, 21:23:39 - INFO - Req was made
15/07/2022, 21:23:39 - DEBUG - Getting Toys
15/07/2022, 21:24:26 - INFO - Req was made
15/07/2022, 21:24:26 - DEBUG - Getting Toys
15/07/2022, 21:24:27 - INFO - Req was made
15/07/2022, 21:24:27 - DEBUG - Getting Toys
15/07/2022, 21:24:28 - INFO - Req was made
15/07/2022, 21:24:28 - DEBUG - Getting Toys
15/07/2022, 21:24:31 - INFO - Req was made
15/07/2022, 21:24:31 - DEBUG - Getting Toys
15/07/2022, 21:24:37 - DEBUG - auth.service - login with username: barry
15/07/2022, 21:24:37 - INFO - User login:  | {"_id":"62d18f40fe2dcda66bfac4fa","username":"barry","fullname":"Barry"}
15/07/2022, 21:24:54 - INFO - Req was made
15/07/2022, 21:24:54 - DEBUG - Getting Toys
15/07/2022, 21:24:55 - INFO - Req was made
15/07/2022, 21:24:55 - DEBUG - Getting Toys
15/07/2022, 21:25:43 - INFO - Server is running on port: 3030
15/07/2022, 21:25:44 - INFO - Req was made
15/07/2022, 21:25:44 - DEBUG - Getting Toys
15/07/2022, 21:25:48 - DEBUG - auth.service - login with username: barry
15/07/2022, 21:25:48 - INFO - User login:  | {"_id":"62d18f40fe2dcda66bfac4fa","username":"barry","fullname":"Barry"}
15/07/2022, 21:25:51 - INFO - Req was made
15/07/2022, 21:25:51 - DEBUG - Getting Toys
15/07/2022, 21:25:56 - INFO - Req was made
15/07/2022, 21:25:56 - DEBUG - Getting Toys
15/07/2022, 21:25:59 - INFO - Req was made
15/07/2022, 21:25:59 - DEBUG - Getting Toys
15/07/2022, 21:26:04 - DEBUG - auth.service - login with username: barry
15/07/2022, 21:26:04 - INFO - User login:  | {"_id":"62d18f40fe2dcda66bfac4fa","username":"barry","fullname":"Barry"}
15/07/2022, 21:28:32 - INFO - Req was made
15/07/2022, 21:28:32 - DEBUG - Getting Toys
15/07/2022, 21:28:35 - INFO - Req was made
15/07/2022, 21:28:35 - DEBUG - Getting Toys
15/07/2022, 21:28:41 - DEBUG - auth.service - login with username: barry
15/07/2022, 21:28:42 - INFO - User login:  | {"_id":"62d18f40fe2dcda66bfac4fa","username":"barry","fullname":"Barry"}
15/07/2022, 21:28:47 - INFO - Req was made
15/07/2022, 21:28:47 - DEBUG - Getting Toys
15/07/2022, 21:28:49 - INFO - Req was made
15/07/2022, 21:28:49 - DEBUG - Getting Toys
15/07/2022, 21:28:50 - INFO - Req was made
15/07/2022, 21:28:50 - DEBUG - Getting Toys
15/07/2022, 21:29:47 - INFO - Req was made
15/07/2022, 21:29:47 - DEBUG - Getting Toys
15/07/2022, 21:29:48 - INFO - Req was made
15/07/2022, 21:29:48 - DEBUG - Getting Toys
15/07/2022, 21:29:52 - DEBUG - auth.service - login with username: barry
15/07/2022, 21:29:53 - INFO - User login:  | {"_id":"62d18f40fe2dcda66bfac4fa","username":"barry","fullname":"Barry"}
15/07/2022, 21:29:58 - INFO - Req was made
15/07/2022, 21:29:58 - DEBUG - Getting Toys
15/07/2022, 21:30:02 - INFO - Req was made
15/07/2022, 21:30:02 - DEBUG - Getting Toys
15/07/2022, 21:30:23 - INFO - Req was made
15/07/2022, 21:30:23 - DEBUG - Getting Toys
15/07/2022, 21:30:28 - DEBUG - auth.service - login with username: barry
15/07/2022, 21:30:28 - INFO - User login:  | {"_id":"62d18f40fe2dcda66bfac4fa","username":"barry","fullname":"Barry"}
15/07/2022, 21:31:11 - INFO - Req was made
15/07/2022, 21:31:11 - DEBUG - Getting Toys
15/07/2022, 21:31:17 - INFO - Req was made
15/07/2022, 21:31:17 - DEBUG - Getting Toys
15/07/2022, 21:31:35 - INFO - Req was made
15/07/2022, 21:31:35 - DEBUG - Getting Toys
15/07/2022, 21:31:42 - INFO - Req was made
15/07/2022, 21:31:42 - DEBUG - Getting Toys
15/07/2022, 21:31:44 - INFO - Req was made
15/07/2022, 21:31:44 - DEBUG - Getting Toys
15/07/2022, 21:32:19 - INFO - Req was made
15/07/2022, 21:32:19 - DEBUG - Getting Toys
15/07/2022, 21:32:25 - INFO - Req was made
15/07/2022, 21:32:25 - DEBUG - Getting Toys
15/07/2022, 21:32:29 - DEBUG - auth.service - login with username: barry
15/07/2022, 21:32:29 - INFO - User login:  | {"_id":"62d18f40fe2dcda66bfac4fa","username":"barry","fullname":"Barry"}
15/07/2022, 21:32:33 - INFO - Req was made
15/07/2022, 21:32:33 - DEBUG - Getting Toys
15/07/2022, 21:32:45 - INFO - Req was made
15/07/2022, 21:32:45 - DEBUG - Getting Toys
15/07/2022, 21:32:46 - INFO - Req was made
15/07/2022, 21:32:46 - DEBUG - Getting Toys
15/07/2022, 21:35:27 - INFO - Req was made
15/07/2022, 21:35:27 - DEBUG - Getting Toys
15/07/2022, 21:35:32 - INFO - Req was made
15/07/2022, 21:35:32 - DEBUG - Getting Toys
15/07/2022, 21:35:48 - INFO - Req was made
15/07/2022, 21:35:48 - DEBUG - Getting Toys
15/07/2022, 21:36:28 - INFO - Req was made
15/07/2022, 21:36:28 - DEBUG - Getting Toys
15/07/2022, 21:36:29 - INFO - Req was made
15/07/2022, 21:36:29 - DEBUG - Getting Toys
15/07/2022, 21:36:36 - DEBUG - auth.service - login with username: barry
15/07/2022, 21:36:36 - INFO - User login:  | {"_id":"62d18f40fe2dcda66bfac4fa","username":"barry","fullname":"Barry"}
15/07/2022, 21:37:03 - INFO - Req was made
15/07/2022, 21:37:03 - DEBUG - Getting Toys
15/07/2022, 21:37:12 - INFO - Req was made
15/07/2022, 21:37:12 - DEBUG - Getting Toys
15/07/2022, 21:37:22 - INFO - Req was made
15/07/2022, 21:37:22 - DEBUG - Getting Toys
15/07/2022, 21:37:30 - DEBUG - auth.service - login with username: barry
15/07/2022, 21:37:30 - INFO - User login:  | {"_id":"62d18f40fe2dcda66bfac4fa","username":"barry","fullname":"Barry"}
15/07/2022, 21:37:36 - INFO - Req was made
15/07/2022, 21:37:36 - DEBUG - Getting Toys
15/07/2022, 21:38:21 - INFO - Req was made
15/07/2022, 21:38:21 - DEBUG - Getting Toys
15/07/2022, 21:38:27 - INFO - Req was made
15/07/2022, 21:38:27 - DEBUG - Getting Toys
15/07/2022, 21:38:33 - DEBUG - auth.service - login with username: barry
15/07/2022, 21:38:33 - INFO - User login:  | {"_id":"62d18f40fe2dcda66bfac4fa","username":"barry","fullname":"Barry"}
15/07/2022, 21:39:28 - INFO - Req was made
15/07/2022, 21:39:28 - DEBUG - Getting Toys
15/07/2022, 21:40:17 - INFO - Req was made
15/07/2022, 21:40:17 - DEBUG - Getting Toys
15/07/2022, 21:41:14 - INFO - Req was made
15/07/2022, 21:41:15 - DEBUG - Getting Toys
15/07/2022, 21:41:21 - DEBUG - auth.service - login with username: barry
15/07/2022, 21:41:21 - INFO - User login:  | {"_id":"62d18f40fe2dcda66bfac4fa","username":"barry","fullname":"Barry"}
15/07/2022, 21:41:25 - INFO - Req was made
15/07/2022, 21:41:25 - DEBUG - Getting Toys
15/07/2022, 21:43:04 - INFO - Req was made
15/07/2022, 21:43:04 - DEBUG - Getting Toys
15/07/2022, 21:43:07 - INFO - Req was made
15/07/2022, 21:43:07 - DEBUG - Getting Toys
15/07/2022, 21:43:11 - DEBUG - auth.service - login with username: barry
15/07/2022, 21:43:11 - INFO - User login:  | {"_id":"62d18f40fe2dcda66bfac4fa","username":"barry","fullname":"Barry"}
15/07/2022, 21:43:46 - INFO - Server is running on port: 3030
15/07/2022, 21:43:47 - INFO - Req was made
15/07/2022, 21:43:47 - DEBUG - Getting Toys
15/07/2022, 21:43:50 - INFO - Req was made
15/07/2022, 21:43:50 - DEBUG - Getting Toys
15/07/2022, 21:43:57 - DEBUG - auth.service - login with username: barry
15/07/2022, 21:43:57 - INFO - User login:  | {"_id":"62d18f40fe2dcda66bfac4fa","username":"barry","fullname":"Barry"}
15/07/2022, 21:44:04 - INFO - Server is running on port: 3030
15/07/2022, 21:44:22 - INFO - Req was made
15/07/2022, 21:44:22 - DEBUG - Getting Toys
15/07/2022, 21:44:25 - INFO - Req was made
15/07/2022, 21:44:25 - DEBUG - Getting Toys
15/07/2022, 21:44:29 - INFO - Req was made
15/07/2022, 21:44:29 - DEBUG - Getting Toys
15/07/2022, 21:44:51 - INFO - Req was made
15/07/2022, 21:44:51 - DEBUG - Getting Toys
15/07/2022, 21:44:55 - DEBUG - auth.service - login with username: barry
15/07/2022, 21:44:55 - INFO - User login:  | {"_id":"62d18f40fe2dcda66bfac4fa","username":"barry","fullname":"Barry"}
15/07/2022, 21:48:22 - INFO - Req was made
15/07/2022, 21:48:22 - DEBUG - Getting Toys
15/07/2022, 21:49:05 - INFO - Req was made
15/07/2022, 21:49:05 - DEBUG - Getting Toys
15/07/2022, 21:49:10 - INFO - Req was made
15/07/2022, 21:49:10 - DEBUG - Getting Toys
15/07/2022, 21:49:15 - DEBUG - auth.service - login with username: barry
15/07/2022, 21:49:15 - INFO - User login:  | {"_id":"62d18f40fe2dcda66bfac4fa","username":"barry","fullname":"Barry"}
15/07/2022, 21:49:18 - INFO - Req was made
15/07/2022, 21:49:18 - DEBUG - Getting Toys
15/07/2022, 21:49:19 - INFO - Req was made
15/07/2022, 21:49:19 - DEBUG - Getting Toys
15/07/2022, 21:49:20 - INFO - Req was made
15/07/2022, 21:49:20 - DEBUG - Getting Toys
15/07/2022, 21:49:20 - INFO - Req was made
15/07/2022, 21:49:20 - DEBUG - Getting Toys
15/07/2022, 21:49:21 - INFO - Req was made
15/07/2022, 21:49:21 - DEBUG - Getting Toys
15/07/2022, 21:49:21 - INFO - Req was made
15/07/2022, 21:49:21 - DEBUG - Getting Toys
15/07/2022, 21:49:22 - INFO - Req was made
15/07/2022, 21:49:22 - DEBUG - Getting Toys
15/07/2022, 21:49:22 - INFO - Req was made
15/07/2022, 21:49:22 - DEBUG - Getting Toys
15/07/2022, 21:49:23 - INFO - Req was made
15/07/2022, 21:49:23 - DEBUG - Getting Toys
15/07/2022, 21:56:19 - INFO - Req was made
15/07/2022, 21:56:19 - DEBUG - Getting Toys
15/07/2022, 21:56:22 - INFO - Req was made
15/07/2022, 21:56:22 - DEBUG - Getting Toys
15/07/2022, 21:56:23 - INFO - Req was made
15/07/2022, 21:56:23 - DEBUG - Getting Toys
15/07/2022, 21:56:40 - DEBUG - auth.service - login with username: barry
15/07/2022, 21:56:40 - INFO - User login:  | {"_id":"62d18f40fe2dcda66bfac4fa","username":"barry","fullname":"Barry"}
15/07/2022, 21:57:08 - INFO - Req was made
15/07/2022, 21:57:08 - DEBUG - Getting Toys
15/07/2022, 21:58:50 - INFO - Req was made
15/07/2022, 21:58:50 - DEBUG - Getting Toys
15/07/2022, 21:59:07 - DEBUG - auth.service - signup with username: admin, fullname: admin
15/07/2022, 21:59:07 - DEBUG - auth.route - new account created: {"username":"admin","password":"$2b$10$rlNXo9GCphMiZxv8xoJFku.2q7.8eZtxwYIKWK2ut5bYxfCOi6gXu","fullname":"admin","_id":"62d1b8fb2ac13c49c984ffd4"}
15/07/2022, 21:59:07 - DEBUG - auth.service - login with username: admin
15/07/2022, 21:59:08 - INFO - User login:  | {"_id":"62d1b8fb2ac13c49c984ffd4","username":"admin","fullname":"admin"}
15/07/2022, 22:12:24 - INFO - Req was made
15/07/2022, 22:12:24 - DEBUG - Getting Toys
15/07/2022, 22:20:12 - INFO - Req was made
15/07/2022, 22:20:12 - DEBUG - Getting Toys
15/07/2022, 22:38:31 - INFO - Req was made
15/07/2022, 22:38:31 - DEBUG - Getting Toys
15/07/2022, 22:38:49 - INFO - Req was made
15/07/2022, 22:38:49 - DEBUG - Getting Toys
15/07/2022, 22:38:56 - INFO - Req was made
15/07/2022, 22:38:56 - DEBUG - Getting Toys
15/07/2022, 22:38:58 - INFO - Req was made
15/07/2022, 22:38:58 - DEBUG - Getting Toys
15/07/2022, 22:39:07 - INFO - Req was made
15/07/2022, 22:39:07 - DEBUG - Getting Toys
15/07/2022, 22:39:12 - DEBUG - auth.service - login with username: barry
15/07/2022, 22:39:12 - INFO - User login:  | {"_id":"62d18f40fe2dcda66bfac4fa","username":"barry","fullname":"Barry"}
15/07/2022, 22:39:55 - INFO - Req was made
15/07/2022, 22:39:55 - DEBUG - Getting Toys
15/07/2022, 22:40:16 - INFO - Req was made
15/07/2022, 22:40:16 - DEBUG - Getting Toys
15/07/2022, 22:40:17 - INFO - Req was made
15/07/2022, 22:40:17 - DEBUG - Getting Toys
15/07/2022, 22:40:22 - INFO - Req was made
15/07/2022, 22:40:22 - DEBUG - Getting Toys
15/07/2022, 22:40:28 - DEBUG - auth.service - login with username: barry
15/07/2022, 22:40:28 - INFO - User login:  | {"_id":"62d18f40fe2dcda66bfac4fa","username":"barry","fullname":"Barry"}
15/07/2022, 22:40:36 - INFO - Req was made
15/07/2022, 22:40:36 - DEBUG - Getting Toys
15/07/2022, 22:40:42 - INFO - Req was made
15/07/2022, 22:40:42 - DEBUG - Getting Toys
15/07/2022, 22:40:44 - INFO - Req was made
15/07/2022, 22:40:44 - DEBUG - Getting Toys
15/07/2022, 22:40:45 - INFO - Req was made
15/07/2022, 22:40:45 - DEBUG - Getting Toys
15/07/2022, 22:40:48 - INFO - Req was made
15/07/2022, 22:40:48 - DEBUG - Getting Toys
15/07/2022, 22:40:52 - DEBUG - auth.service - login with username: barry
15/07/2022, 22:40:52 - INFO - User login:  | {"_id":"62d18f40fe2dcda66bfac4fa","username":"barry","fullname":"Barry"}
15/07/2022, 22:41:03 - INFO - Req was made
15/07/2022, 22:41:03 - DEBUG - Getting Toys
15/07/2022, 22:41:08 - DEBUG - auth.service - login with username: barry
15/07/2022, 22:41:09 - INFO - User login:  | {"_id":"62d18f40fe2dcda66bfac4fa","username":"barry","fullname":"Barry"}
15/07/2022, 22:42:34 - INFO - Req was made
15/07/2022, 22:42:34 - DEBUG - Getting Toys
15/07/2022, 22:42:37 - INFO - Req was made
15/07/2022, 22:42:37 - DEBUG - Getting Toys
15/07/2022, 22:43:16 - INFO - Req was made
15/07/2022, 22:43:16 - DEBUG - Getting Toys
15/07/2022, 22:43:19 - DEBUG - auth.service - login with username: admin
15/07/2022, 22:43:19 - INFO - User login:  | {"_id":"62d1b8fb2ac13c49c984ffd4","username":"admin","fullname":"admin","isAdmin":true}
15/07/2022, 22:43:28 - INFO - Req was made
15/07/2022, 22:43:28 - DEBUG - Getting Toys
15/07/2022, 22:44:23 - INFO - Req was made
15/07/2022, 22:44:23 - DEBUG - Getting Toys
15/07/2022, 23:20:49 - INFO - Server is running on port: 3030
15/07/2022, 23:20:50 - INFO - Server is running on port: 3030
15/07/2022, 23:20:57 - INFO - Server is running on port: 3030
15/07/2022, 23:21:01 - INFO - Server is running on port: 3030
15/07/2022, 23:21:03 - INFO - Server is running on port: 3030
15/07/2022, 23:21:41 - INFO - Server is running on port: 3030
15/07/2022, 23:21:56 - INFO - Server is running on port: 3030
15/07/2022, 23:22:06 - INFO - Server is running on port: 3030
15/07/2022, 23:22:10 - INFO - Req was made
15/07/2022, 23:22:10 - DEBUG - Getting Toys
15/07/2022, 23:22:47 - INFO - Req was made
15/07/2022, 23:22:47 - DEBUG - Getting Toys
15/07/2022, 23:23:28 - INFO - Req was made
15/07/2022, 23:23:28 - DEBUG - Getting Toys
15/07/2022, 23:24:06 - INFO - Server is running on port: 3030
15/07/2022, 23:24:08 - INFO - Req was made
15/07/2022, 23:24:08 - DEBUG - Getting Toys
15/07/2022, 23:24:26 - INFO - Server is running on port: 3030
15/07/2022, 23:24:28 - INFO - Req was made
15/07/2022, 23:24:28 - DEBUG - Getting Toys
15/07/2022, 23:24:53 - INFO - Server is running on port: 3030
15/07/2022, 23:24:55 - INFO - Req was made
15/07/2022, 23:24:55 - DEBUG - Getting Toys
15/07/2022, 23:25:12 - INFO - Server is running on port: 3030
15/07/2022, 23:25:13 - INFO - Req was made
15/07/2022, 23:25:13 - DEBUG - Getting Toys
15/07/2022, 23:25:27 - INFO - Server is running on port: 3030
15/07/2022, 23:27:03 - INFO - Server is running on port: 3030
15/07/2022, 23:27:18 - INFO - Req was made
15/07/2022, 23:27:18 - DEBUG - Getting Toys
15/07/2022, 23:27:23 - DEBUG - auth.service - login with username: admin
15/07/2022, 23:27:23 - INFO - User login:  | {"_id":"62d1b8fb2ac13c49c984ffd4","username":"admin","fullname":"admin","isAdmin":true}
15/07/2022, 23:27:41 - INFO - Server is running on port: 3030
15/07/2022, 23:27:43 - INFO - Req was made
15/07/2022, 23:27:43 - DEBUG - Getting Toys
15/07/2022, 23:27:52 - INFO - Server is running on port: 3030
15/07/2022, 23:27:53 - INFO - Req was made
15/07/2022, 23:27:53 - DEBUG - Getting Toys
15/07/2022, 23:27:55 - INFO - Req was made
15/07/2022, 23:27:55 - DEBUG - Getting Toys
15/07/2022, 23:28:01 - DEBUG - auth.service - login with username: barry
15/07/2022, 23:28:01 - INFO - User login:  | {"_id":"62d18f40fe2dcda66bfac4fa","username":"barry","fullname":"Barry"}
15/07/2022, 23:28:09 - INFO - Server is running on port: 3030
15/07/2022, 23:34:06 - INFO - Server is running on port: 3030
15/07/2022, 23:34:08 - INFO - Server is running on port: 3030
15/07/2022, 23:37:02 - INFO - Server is running on port: 3030
15/07/2022, 23:37:04 - INFO - Req was made
15/07/2022, 23:37:04 - DEBUG - Getting Toys
15/07/2022, 23:37:06 - INFO - Req was made
15/07/2022, 23:37:06 - DEBUG - Getting Toys
15/07/2022, 23:37:16 - INFO - Req was made
15/07/2022, 23:37:16 - DEBUG - Getting Toys
15/07/2022, 23:37:27 - DEBUG - auth.service - login with username: barry
15/07/2022, 23:37:27 - INFO - User login:  | {"_id":"62d18f40fe2dcda66bfac4fa","username":"barry","fullname":"Barry"}
15/07/2022, 23:37:35 - INFO - Req was made
15/07/2022, 23:37:35 - DEBUG - Getting Toys
15/07/2022, 23:38:06 - INFO - Req was made
15/07/2022, 23:38:06 - DEBUG - Getting Toys
15/07/2022, 23:38:07 - INFO - Req was made
15/07/2022, 23:38:07 - DEBUG - Getting Toys
15/07/2022, 23:38:10 - INFO - Req was made
15/07/2022, 23:38:10 - DEBUG - Getting Toys
15/07/2022, 23:38:12 - INFO - Req was made
15/07/2022, 23:38:12 - DEBUG - Getting Toys
15/07/2022, 23:38:13 - INFO - Req was made
15/07/2022, 23:38:13 - DEBUG - Getting Toys
15/07/2022, 23:38:18 - INFO - Req was made
15/07/2022, 23:38:18 - DEBUG - Getting Toys
15/07/2022, 23:38:19 - INFO - Req was made
15/07/2022, 23:38:19 - DEBUG - Getting Toys
15/07/2022, 23:38:21 - INFO - Req was made
15/07/2022, 23:38:21 - DEBUG - Getting Toys
15/07/2022, 23:38:22 - INFO - Req was made
15/07/2022, 23:38:22 - DEBUG - Getting Toys
15/07/2022, 23:38:24 - INFO - Req was made
15/07/2022, 23:38:24 - DEBUG - Getting Toys
15/07/2022, 23:38:25 - INFO - Req was made
15/07/2022, 23:38:25 - DEBUG - Getting Toys
15/07/2022, 23:38:31 - INFO - Req was made
15/07/2022, 23:38:31 - DEBUG - Getting Toys
15/07/2022, 23:39:44 - INFO - Req was made
15/07/2022, 23:39:44 - DEBUG - Getting Toys
15/07/2022, 23:40:55 - INFO - Req was made
15/07/2022, 23:40:55 - DEBUG - Getting Toys
15/07/2022, 23:41:05 - INFO - Req was made
15/07/2022, 23:41:05 - DEBUG - Getting Toys
15/07/2022, 23:41:24 - INFO - Req was made
15/07/2022, 23:41:24 - DEBUG - Getting Toys
15/07/2022, 23:41:26 - INFO - Req was made
15/07/2022, 23:41:26 - DEBUG - Getting Toys
15/07/2022, 23:41:31 - DEBUG - auth.service - login with username: admin
15/07/2022, 23:41:31 - INFO - User login:  | {"_id":"62d1b8fb2ac13c49c984ffd4","username":"admin","fullname":"admin","isAdmin":true}
15/07/2022, 23:42:20 - INFO - Server is running on port: 3030
15/07/2022, 23:46:00 - INFO - Req was made
15/07/2022, 23:46:00 - DEBUG - Getting Toys
15/07/2022, 23:46:03 - INFO - Req was made
15/07/2022, 23:46:04 - DEBUG - Getting Toys
15/07/2022, 23:46:07 - DEBUG - auth.service - login with username: barry
15/07/2022, 23:46:07 - INFO - User login:  | {"_id":"62d18f40fe2dcda66bfac4fa","username":"barry","fullname":"Barry"}
15/07/2022, 23:46:20 - INFO - Req was made
15/07/2022, 23:46:20 - DEBUG - Getting Toys
15/07/2022, 23:46:23 - DEBUG - auth.service - login with username: admin
15/07/2022, 23:46:23 - INFO - User login:  | {"_id":"62d1b8fb2ac13c49c984ffd4","username":"admin","fullname":"admin","isAdmin":true}
15/07/2022, 23:46:51 - INFO - Req was made
15/07/2022, 23:46:51 - DEBUG - Getting Toys
15/07/2022, 23:48:17 - INFO - Req was made
15/07/2022, 23:48:17 - DEBUG - Getting Toys
15/07/2022, 23:49:26 - INFO - Req was made
15/07/2022, 23:49:26 - DEBUG - Getting Toys
15/07/2022, 23:49:46 - INFO - Req was made
15/07/2022, 23:49:46 - DEBUG - Getting Toys
16/07/2022, 11:07:58 - INFO - Server is running on port: 3030
16/07/2022, 11:08:16 - INFO - Req was made
16/07/2022, 11:08:16 - DEBUG - Getting Toys
16/07/2022, 11:08:20 - DEBUG - auth.service - login with username: admin
16/07/2022, 11:08:21 - INFO - User login:  | {"_id":"62d1b8fb2ac13c49c984ffd4","username":"admin","fullname":"admin","isAdmin":true}
16/07/2022, 11:09:26 - INFO - Server is running on port: 3030
16/07/2022, 11:10:16 - INFO - Server is running on port: 3030
16/07/2022, 11:10:22 - INFO - Req was made
16/07/2022, 11:10:22 - DEBUG - Getting Toys
16/07/2022, 11:10:46 - INFO - Server is running on port: 3030
16/07/2022, 11:10:47 - INFO - Req was made
16/07/2022, 11:10:47 - DEBUG - Getting Toys
16/07/2022, 11:11:01 - INFO - Server is running on port: 3030
16/07/2022, 11:20:04 - INFO - Server is running on port: 3030
16/07/2022, 11:20:20 - INFO - Server is running on port: 3030
16/07/2022, 11:20:34 - INFO - Server is running on port: 3030
16/07/2022, 11:21:00 - INFO - Server is running on port: 3030
16/07/2022, 11:21:03 - INFO - Server is running on port: 3030
16/07/2022, 11:22:17 - INFO - Server is running on port: 3030
16/07/2022, 11:22:20 - INFO - Server is running on port: 3030
16/07/2022, 11:32:01 - INFO - Server is running on port: 3030
16/07/2022, 11:32:52 - INFO - Server is running on port: 3030
16/07/2022, 11:32:54 - INFO - Req was made
16/07/2022, 11:32:54 - DEBUG - Getting Toys
16/07/2022, 11:33:11 - INFO - Req was made
16/07/2022, 11:33:11 - DEBUG - Getting Toys
16/07/2022, 11:33:18 - INFO - Server is running on port: 3030
16/07/2022, 11:33:19 - INFO - Req was made
16/07/2022, 11:33:19 - DEBUG - Getting Toys
16/07/2022, 11:33:26 - INFO - Req was made
16/07/2022, 11:33:26 - DEBUG - Getting Toys
16/07/2022, 11:34:07 - INFO - Server is running on port: 3030
16/07/2022, 11:35:03 - INFO - Server is running on port: 3030
16/07/2022, 11:35:06 - INFO - Server is running on port: 3030
16/07/2022, 11:35:47 - INFO - Server is running on port: 3030
16/07/2022, 11:39:13 - INFO - Server is running on port: 3030
16/07/2022, 11:56:41 - INFO - Req was made
16/07/2022, 11:56:41 - DEBUG - Getting Toys
16/07/2022, 11:57:27 - INFO - Req was made
16/07/2022, 11:57:27 - DEBUG - Getting Toys
16/07/2022, 11:57:30 - INFO - Req was made
16/07/2022, 11:57:30 - DEBUG - Getting Toys
16/07/2022, 11:57:36 - DEBUG - auth.service - login with username: admin
16/07/2022, 11:57:36 - INFO - User login:  | {"_id":"62d1b8fb2ac13c49c984ffd4","username":"admin","fullname":"admin","isAdmin":true}
16/07/2022, 12:02:39 - INFO - Req was made
16/07/2022, 12:02:39 - DEBUG - Getting Toys
16/07/2022, 12:06:30 - INFO - Req was made
16/07/2022, 12:06:30 - DEBUG - Getting Toys
16/07/2022, 12:08:50 - INFO - Req was made
16/07/2022, 12:08:50 - DEBUG - Getting Toys
16/07/2022, 12:09:15 - INFO - Req was made
16/07/2022, 12:09:15 - DEBUG - Getting Toys
16/07/2022, 12:12:59 - INFO - Req was made
16/07/2022, 12:12:59 - DEBUG - Getting Toys
16/07/2022, 12:15:39 - INFO - Req was made
16/07/2022, 12:15:39 - DEBUG - Getting Toys
16/07/2022, 12:17:21 - INFO - Req was made
16/07/2022, 12:17:21 - DEBUG - Getting Toys
16/07/2022, 12:18:02 - INFO - Req was made
16/07/2022, 12:18:02 - DEBUG - Getting Toys
16/07/2022, 12:19:00 - INFO - Req was made
16/07/2022, 12:19:00 - DEBUG - Getting Toys
16/07/2022, 12:19:41 - INFO - Req was made
16/07/2022, 12:19:41 - DEBUG - Getting Toys
16/07/2022, 12:19:53 - INFO - Req was made
16/07/2022, 12:19:53 - DEBUG - Getting Toys
16/07/2022, 12:43:29 - INFO - Req was made
16/07/2022, 12:43:29 - DEBUG - Getting Toys
16/07/2022, 12:43:44 - INFO - Req was made
16/07/2022, 12:43:44 - DEBUG - Getting Toys
16/07/2022, 12:43:49 - DEBUG - auth.service - login with username: barry
16/07/2022, 12:43:49 - INFO - User login:  | {"_id":"62d18f40fe2dcda66bfac4fa","username":"barry","fullname":"Barry"}
16/07/2022, 12:44:21 - INFO - Req was made
16/07/2022, 12:44:21 - DEBUG - Getting Toys
16/07/2022, 12:44:26 - DEBUG - auth.service - login with username: admin
16/07/2022, 12:44:26 - INFO - User login:  | {"_id":"62d1b8fb2ac13c49c984ffd4","username":"admin","fullname":"admin","isAdmin":true}
16/07/2022, 12:45:03 - INFO - Req was made
16/07/2022, 12:45:03 - DEBUG - Getting Toys
16/07/2022, 12:47:35 - INFO - Req was made
16/07/2022, 12:47:35 - DEBUG - Getting Toys
16/07/2022, 12:52:09 - INFO - Req was made
16/07/2022, 12:52:09 - DEBUG - Getting Toys
16/07/2022, 12:54:23 - INFO - Req was made
16/07/2022, 12:54:23 - DEBUG - Getting Toys
16/07/2022, 12:56:24 - INFO - Req was made
16/07/2022, 12:56:24 - DEBUG - Getting Toys
16/07/2022, 13:00:19 - INFO - Req was made
16/07/2022, 13:00:19 - DEBUG - Getting Toys
16/07/2022, 13:03:01 - INFO - Req was made
16/07/2022, 13:03:01 - DEBUG - Getting Toys
16/07/2022, 13:05:00 - INFO - Req was made
16/07/2022, 13:05:00 - DEBUG - Getting Toys
16/07/2022, 13:05:45 - INFO - Req was made
16/07/2022, 13:05:45 - DEBUG - Getting Toys
16/07/2022, 13:06:09 - INFO - Req was made
16/07/2022, 13:06:09 - DEBUG - Getting Toys
16/07/2022, 13:06:46 - INFO - Req was made
16/07/2022, 13:06:46 - DEBUG - Getting Toys
16/07/2022, 13:07:33 - INFO - Req was made
16/07/2022, 13:07:33 - DEBUG - Getting Toys
16/07/2022, 13:08:32 - INFO - Req was made
16/07/2022, 13:08:32 - DEBUG - Getting Toys
16/07/2022, 13:14:47 - INFO - Req was made
16/07/2022, 13:14:47 - DEBUG - Getting Toys
16/07/2022, 13:17:28 - INFO - Req was made
16/07/2022, 13:17:28 - DEBUG - Getting Toys
16/07/2022, 13:18:47 - INFO - Req was made
16/07/2022, 13:18:47 - DEBUG - Getting Toys
16/07/2022, 13:19:04 - INFO - Req was made
16/07/2022, 13:19:04 - DEBUG - Getting Toys
16/07/2022, 13:23:29 - INFO - Req was made
16/07/2022, 13:23:29 - DEBUG - Getting Toys
16/07/2022, 13:24:52 - INFO - Req was made
16/07/2022, 13:24:52 - DEBUG - Getting Toys
16/07/2022, 13:25:49 - INFO - Req was made
16/07/2022, 13:25:49 - DEBUG - Getting Toys
16/07/2022, 13:26:16 - INFO - Req was made
16/07/2022, 13:26:16 - DEBUG - Getting Toys
16/07/2022, 13:26:24 - INFO - Req was made
16/07/2022, 13:26:24 - DEBUG - Getting Toys
16/07/2022, 13:26:47 - INFO - Req was made
16/07/2022, 13:26:47 - DEBUG - Getting Toys
16/07/2022, 13:26:51 - INFO - Req was made
16/07/2022, 13:26:51 - DEBUG - Getting Toys
16/07/2022, 13:26:57 - DEBUG - auth.service - login with username: admin
16/07/2022, 13:26:58 - INFO - User login:  | {"_id":"62d1b8fb2ac13c49c984ffd4","username":"admin","fullname":"admin","isAdmin":true}
16/07/2022, 13:27:07 - INFO - Req was made
16/07/2022, 13:27:07 - DEBUG - Getting Toys
16/07/2022, 13:27:38 - INFO - Req was made
16/07/2022, 13:27:38 - DEBUG - Getting Toys
16/07/2022, 13:28:18 - INFO - Req was made
16/07/2022, 13:28:18 - DEBUG - Getting Toys
16/07/2022, 13:28:36 - INFO - Req was made
16/07/2022, 13:28:36 - DEBUG - Getting Toys
16/07/2022, 13:29:02 - INFO - Req was made
16/07/2022, 13:29:02 - DEBUG - Getting Toys
16/07/2022, 13:29:20 - DEBUG - auth.service - login with username: barry
16/07/2022, 13:29:20 - INFO - User login:  | {"_id":"62d18f40fe2dcda66bfac4fa","username":"barry","fullname":"Barry"}
16/07/2022, 13:29:31 - INFO - Req was made
16/07/2022, 13:29:31 - DEBUG - Getting Toys
16/07/2022, 13:31:04 - INFO - Req was made
16/07/2022, 13:31:04 - DEBUG - Getting Toys
16/07/2022, 13:33:46 - INFO - Server is running on port: 3030
16/07/2022, 13:33:47 - INFO - Req was made
16/07/2022, 13:33:47 - DEBUG - Getting Toys
16/07/2022, 13:40:19 - INFO - Req was made
16/07/2022, 13:40:19 - DEBUG - Getting Toys
16/07/2022, 13:46:30 - INFO - Req was made
16/07/2022, 13:46:30 - DEBUG - Getting Toys
16/07/2022, 13:47:50 - INFO - Req was made
16/07/2022, 13:47:50 - DEBUG - Getting Toys
16/07/2022, 13:48:34 - INFO - Req was made
16/07/2022, 13:48:34 - DEBUG - Getting Toys
16/07/2022, 13:50:28 - INFO - Req was made
16/07/2022, 13:50:28 - DEBUG - Getting Toys
16/07/2022, 13:51:36 - DEBUG - auth.service - login with username: admin
16/07/2022, 13:51:36 - ERROR - Failed to Login Error: Invalid username or password
16/07/2022, 13:51:37 - DEBUG - auth.service - login with username: admin
16/07/2022, 13:51:37 - ERROR - Failed to Login Error: Invalid username or password
16/07/2022, 13:59:47 - INFO - Req was made
16/07/2022, 13:59:47 - DEBUG - Getting Toys
16/07/2022, 13:59:54 - DEBUG - auth.service - login with username: barrrr
16/07/2022, 13:59:54 - ERROR - Failed to Login Error: Invalid username or password
16/07/2022, 14:00:07 - INFO - Req was made
16/07/2022, 14:00:07 - DEBUG - Getting Toys
16/07/2022, 14:01:10 - DEBUG - auth.service - login with username: barrr
16/07/2022, 14:01:10 - ERROR - Failed to Login Error: Invalid username or password
16/07/2022, 14:02:17 - INFO - Req was made
16/07/2022, 14:02:17 - DEBUG - Getting Toys
16/07/2022, 14:02:20 - INFO - Req was made
16/07/2022, 14:02:20 - DEBUG - Getting Toys
16/07/2022, 14:02:41 - DEBUG - auth.service - login with username: barrr
16/07/2022, 14:02:41 - ERROR - Failed to Login Error: Invalid username or password
16/07/2022, 14:03:09 - INFO - Req was made
16/07/2022, 14:03:09 - DEBUG - Getting Toys
16/07/2022, 14:03:24 - INFO - Req was made
16/07/2022, 14:03:24 - DEBUG - Getting Toys
16/07/2022, 14:03:29 - DEBUG - auth.service - login with username: sadasd
16/07/2022, 14:03:29 - ERROR - Failed to Login Error: Invalid username or password
16/07/2022, 14:05:43 - INFO - Req was made
16/07/2022, 14:05:43 - DEBUG - Getting Toys
16/07/2022, 14:14:09 - INFO - Req was made
16/07/2022, 14:14:09 - DEBUG - Getting Toys
16/07/2022, 14:18:43 - INFO - Req was made
16/07/2022, 14:18:43 - DEBUG - Getting Toys
16/07/2022, 14:19:33 - DEBUG - auth.service - login with username: admin
16/07/2022, 14:19:33 - INFO - User login:  | {"_id":"62d1b8fb2ac13c49c984ffd4","username":"admin","fullname":"admin","isAdmin":true}
16/07/2022, 14:19:42 - DEBUG - auth.service - login with username: admin
16/07/2022, 14:19:42 - INFO - User login:  | {"_id":"62d1b8fb2ac13c49c984ffd4","username":"admin","fullname":"admin","isAdmin":true}
16/07/2022, 14:20:05 - INFO - Req was made
16/07/2022, 14:20:05 - DEBUG - Getting Toys
16/07/2022, 14:20:26 - INFO - Req was made
16/07/2022, 14:20:26 - DEBUG - Getting Toys
16/07/2022, 14:20:31 - INFO - Req was made
16/07/2022, 14:20:31 - DEBUG - Getting Toys
16/07/2022, 14:20:36 - DEBUG - auth.service - login with username: admin
16/07/2022, 14:20:36 - INFO - User login:  | {"_id":"62d1b8fb2ac13c49c984ffd4","username":"admin","fullname":"admin","isAdmin":true}
16/07/2022, 14:20:57 - INFO - Req was made
16/07/2022, 14:20:57 - DEBUG - Getting Toys
16/07/2022, 14:21:02 - INFO - Req was made
16/07/2022, 14:21:02 - DEBUG - Getting Toys
16/07/2022, 14:21:05 - DEBUG - auth.service - login with username: admin
16/07/2022, 14:21:06 - INFO - User login:  | {"_id":"62d1b8fb2ac13c49c984ffd4","username":"admin","fullname":"admin","isAdmin":true}
16/07/2022, 14:21:52 - INFO - Req was made
16/07/2022, 14:21:52 - DEBUG - Getting Toys
16/07/2022, 14:22:50 - INFO - Req was made
16/07/2022, 14:22:50 - DEBUG - Getting Toys
16/07/2022, 14:25:55 - INFO - Req was made
16/07/2022, 14:25:55 - DEBUG - Getting Toys
16/07/2022, 14:26:03 - DEBUG - auth.service - login with username: admin
16/07/2022, 14:26:03 - INFO - User login:  | {"_id":"62d1b8fb2ac13c49c984ffd4","username":"admin","fullname":"admin","isAdmin":true}
16/07/2022, 14:26:23 - DEBUG - auth.service - login with username: admin
16/07/2022, 14:26:24 - INFO - User login:  | {"_id":"62d1b8fb2ac13c49c984ffd4","username":"admin","fullname":"admin","isAdmin":true}
16/07/2022, 14:26:34 - INFO - Req was made
16/07/2022, 14:26:34 - DEBUG - Getting Toys
16/07/2022, 14:26:36 - INFO - Req was made
16/07/2022, 14:26:36 - DEBUG - Getting Toys
16/07/2022, 14:26:39 - DEBUG - auth.service - login with username: admin
16/07/2022, 14:26:40 - INFO - User login:  | {"_id":"62d1b8fb2ac13c49c984ffd4","username":"admin","fullname":"admin","isAdmin":true}
16/07/2022, 14:28:36 - DEBUG - auth.service - login with username: admin
16/07/2022, 14:28:37 - INFO - User login:  | {"_id":"62d1b8fb2ac13c49c984ffd4","username":"admin","fullname":"admin","isAdmin":true}
16/07/2022, 14:28:57 - INFO - Req was made
16/07/2022, 14:28:57 - DEBUG - Getting Toys
16/07/2022, 14:29:07 - INFO - Req was made
16/07/2022, 14:29:07 - DEBUG - Getting Toys
16/07/2022, 14:29:10 - DEBUG - auth.service - login with username: admin
16/07/2022, 14:29:11 - INFO - User login:  | {"_id":"62d1b8fb2ac13c49c984ffd4","username":"admin","fullname":"admin","isAdmin":true}
